Determining if the pthread_create exist failed with the following output:
Change Dir: /home/robolabs/JetsonExample/build/CMakeFiles/CMakeTmp

Run Build Command:"/usr/bin/make" "cmTC_6bf99/fast"
/usr/bin/make -f CMakeFiles/cmTC_6bf99.dir/build.make CMakeFiles/cmTC_6bf99.dir/build
make[1]: Entering directory '/home/robolabs/JetsonExample/build/CMakeFiles/CMakeTmp'
Building C object CMakeFiles/cmTC_6bf99.dir/CheckSymbolExists.c.o
/usr/bin/aarch64-linux-gnu-gcc   -fPIC    -o CMakeFiles/cmTC_6bf99.dir/CheckSymbolExists.c.o   -c /home/robolabs/JetsonExample/build/CMakeFiles/CMakeTmp/CheckSymbolExists.c
Linking C executable cmTC_6bf99
/usr/bin/cmake -E cmake_link_script CMakeFiles/cmTC_6bf99.dir/link.txt --verbose=1
/usr/bin/aarch64-linux-gnu-gcc -fPIC     CMakeFiles/cmTC_6bf99.dir/CheckSymbolExists.c.o  -o cmTC_6bf99 
CMakeFiles/cmTC_6bf99.dir/CheckSymbolExists.c.o: In function `main':
CheckSymbolExists.c:(.text+0x14): undefined reference to `pthread_create'
CheckSymbolExists.c:(.text+0x18): undefined reference to `pthread_create'
collect2: error: ld returned 1 exit status
CMakeFiles/cmTC_6bf99.dir/build.make:97: recipe for target 'cmTC_6bf99' failed
make[1]: *** [cmTC_6bf99] Error 1
make[1]: Leaving directory '/home/robolabs/JetsonExample/build/CMakeFiles/CMakeTmp'
Makefile:126: recipe for target 'cmTC_6bf99/fast' failed
make: *** [cmTC_6bf99/fast] Error 2

File /home/robolabs/JetsonExample/build/CMakeFiles/CMakeTmp/CheckSymbolExists.c:
/* */
#include <pthread.h>

int main(int argc, char** argv)
{
  (void)argv;
#ifndef pthread_create
  return ((int*)(&pthread_create))[argc];
#else
  (void)argc;
  return 0;
#endif
}

Determining if the function pthread_create exists in the pthreads failed with the following output:
Change Dir: /home/robolabs/JetsonExample/build/CMakeFiles/CMakeTmp

Run Build Command:"/usr/bin/make" "cmTC_ac314/fast"
/usr/bin/make -f CMakeFiles/cmTC_ac314.dir/build.make CMakeFiles/cmTC_ac314.dir/build
make[1]: Entering directory '/home/robolabs/JetsonExample/build/CMakeFiles/CMakeTmp'
Building C object CMakeFiles/cmTC_ac314.dir/CheckFunctionExists.c.o
/usr/bin/aarch64-linux-gnu-gcc   -fPIC -DCHECK_FUNCTION_EXISTS=pthread_create   -o CMakeFiles/cmTC_ac314.dir/CheckFunctionExists.c.o   -c /usr/share/cmake-3.10/Modules/CheckFunctionExists.c
Linking C executable cmTC_ac314
/usr/bin/cmake -E cmake_link_script CMakeFiles/cmTC_ac314.dir/link.txt --verbose=1
/usr/bin/aarch64-linux-gnu-gcc -fPIC -DCHECK_FUNCTION_EXISTS=pthread_create    CMakeFiles/cmTC_ac314.dir/CheckFunctionExists.c.o  -o cmTC_ac314 -lpthreads 
/usr/bin/ld: cannot find -lpthreads
collect2: error: ld returned 1 exit status
CMakeFiles/cmTC_ac314.dir/build.make:97: recipe for target 'cmTC_ac314' failed
make[1]: *** [cmTC_ac314] Error 1
make[1]: Leaving directory '/home/robolabs/JetsonExample/build/CMakeFiles/CMakeTmp'
Makefile:126: recipe for target 'cmTC_ac314/fast' failed
make: *** [cmTC_ac314/fast] Error 2


